<?xml version="1.0" encoding="UTF-8"?>
<testsuite xmlns:xsi="http://www.w3.org/2001/XMLSchema-instance" xsi:noNamespaceSchemaLocation="https://maven.apache.org/surefire/maven-surefire-plugin/xsd/surefire-test-report-3.0.xsd" version="3.0" name="Arquivos.ZipArquivoTest" time="0.088" tests="1" errors="0" skipped="0" failures="0">
  <properties>
[...]
</properties>
  <testcase name="testIfOriginFileWasCreated" classname="Arquivos.ZipArquivoTest" time="0.026">
    <system-out><![CDATA[Incializando verificação se o arquivo de origem foi criado
 caminho do arquivo: C:\Temp\teste2.txt.zip
]]></system-out>
  </testcase>
</testsuite>