<?xml version="1.0" encoding="UTF-8"?>
<testsuite xmlns:xsi="http://www.w3.org/2001/XMLSchema-instance" xsi:noNamespaceSchemaLocation="https://maven.apache.org/surefire/maven-surefire-plugin/xsd/surefire-test-report-3.0.xsd" version="3.0" name="Carro.CarroTest" time="0.699" tests="6" errors="0" skipped="0" failures="0">
  <properties>
[...]
</properties>
  <testcase name="spyTest" classname="Carro.CarroTest" time="0.61"/>
  <testcase name="testMain" classname="Carro.CarroTest" time="0.005">
    <system-out><![CDATA[Incializando CarroTest
]]></system-out>
  </testcase>
  <testcase name="testOdometroCarroMockCombustivel" classname="Carro.CarroTest" time="0.007">
    <system-out><![CDATA[Classe real. Tipo de combustível é: Diesel classe Combustivel$MockitoMock$iGzGNwfJ
Carro andou 200 metros;
Carro andou 50 metros;
]]></system-out>
  </testcase>
  <testcase name="testOdometroCarroMockWhenCaso2" classname="Carro.CarroTest" time="0.017">
    <system-out><![CDATA[Classe:  Carro$MockitoMock$3AMqBlNH
Classe combustível não está instanciada na classe 
Classe:  Combustivel
Classe real. Tipo de combustível é: Querosene classe Combustivel
]]></system-out>
  </testcase>
  <testcase name="testOdometroCarro" classname="Carro.CarroTest" time="0.003">
    <system-out><![CDATA[Classe real. Tipo de combustível é: Gasolina classe Combustivel
Carro andou 200 metros;
Carro andou 50 metros;
]]></system-out>
  </testcase>
  <testcase name="testOdometroCarroMockWhen" classname="Carro.CarroTest" time="0.001">
    <system-out><![CDATA[Classe:  Carro$MockitoMock$3AMqBlNH
Classe combustível não está instanciada na classe 
Classe:  Combustivel
Classe real. Tipo de combustível é: Metanol classe Combustivel
]]></system-out>
  </testcase>
</testsuite>